<?xml version="1.0" encoding="UTF-8" standalone="no"?>
<testsuite failures="0" name="cucumber.runtime.formatter.JUnitFormatter" skipped="0" tests="2" time="0.355462">
<testcase classname="Application Login" name="Home page default login" time="0.349773">
<system-out><![CDATA[Given User is on NetBanking landing page....................................passed
When User login into application with username "pk" and password "1234".....passed
Then Home page is populated.................................................passed
And Cards are displayed "true"..............................................passed
]]></system-out>
</testcase>
<testcase classname="Application Login" name="Home page default login" time="0.005689">
<system-out><![CDATA[Given User is on NetBanking landing page....................................passed
When User login into application with username "rk" and password "4321".....passed
Then Home page is populated.................................................passed
And Cards are displayed "false".............................................passed
]]></system-out>
</testcase>
</testsuite>
